<?xml version="1.0" encoding="UTF-8"?>
<testsuite name="referanceLab.AppTest" tests="1" skipped="0" failures="0" errors="0" timestamp="2021-07-10T17:18:26" hostname="THINK1T" time="0.032">
  <properties/>
  <testcase name="addReviewTest()" classname="referanceLab.AppTest" time="0.032"/>
  <system-out><![CDATA[]]></system-out>
  <system-err><![CDATA[]]></system-err>
</testsuite>
